-------------------------------------------------------------------------------
Test set: com.fssa.crazyfitness.services.testSong.TestAddSong
-------------------------------------------------------------------------------
Tests run: 2, Failures: 1, Errors: 0, Skipped: 0, Time elapsed: 0.396 s <<< FAILURE! - in com.fssa.crazyfitness.services.testSong.TestAddSong
testCreateSongSuccessful  Time elapsed: 0.387 s  <<< FAILURE!
org.opentest4j.AssertionFailedError: 
	at com.fssa.crazyfitness.services.testSong.TestAddSong.testCreateSongSuccessful(TestAddSong.java:23)

