-------------------------------------------------------------------------------
Test set: crazyFitness.services.testSong.TestAddSong
-------------------------------------------------------------------------------
Tests run: 1, Failures: 1, Errors: 0, Skipped: 0, Time elapsed: 0.028 s <<< FAILURE! - in crazyFitness.services.testSong.TestAddSong
testCreateSongSuccessful  Time elapsed: 0.028 s  <<< FAILURE!
org.opentest4j.AssertionFailedError: expected: <true> but was: <false>
	at crazyFitness.services.testSong.TestAddSong.testCreateSongSuccessful(TestAddSong.java:19)

