-------------------------------------------------------------------------------
Test set: crazyFitness.services.testUser.TestRegisterFeature
-------------------------------------------------------------------------------
Tests run: 3, Failures: 1, Errors: 0, Skipped: 0, Time elapsed: 0.057 s <<< FAILURE! - in crazyFitness.services.testUser.TestRegisterFeature
testRegistrationSuccess  Time elapsed: 0.026 s  <<< FAILURE!
org.opentest4j.AssertionFailedError: expected: <true> but was: <false>
	at crazyFitness.services.testUser.TestRegisterFeature.testRegistrationSuccess(TestRegisterFeature.java:63)

